./src/components/README.md:26: occured ==> occurred
./src/components/ccsds_command_depacketizer/ccsds_command_depacketizer.events.yaml:10: recieved ==> received
./src/components/ccsds_command_depacketizer/ccsds_command_depacketizer.events.yaml:13: recieved ==> received
./src/components/ccsds_command_depacketizer/component-ccsds_command_depacketizer-implementation.adb:113: occures ==> occurs
./src/components/ccsds_command_depacketizer/test/ccsds_command_depacketizer.tests.yaml:5: excersizes ==> exercises
./src/components/ccsds_command_depacketizer/test/ccsds_command_depacketizer.tests.yaml:7: checsums ==> checksums
./src/components/ccsds_command_depacketizer/test/ccsds_command_depacketizer_tests-implementation.ads:15: excersizes ==> exercises
./src/components/ccsds_command_depacketizer/test/ccsds_command_depacketizer_tests-implementation.ads:17: checsums ==> checksums
./src/components/ccsds_command_depacketizer/test/component-ccsds_command_depacketizer-implementation-tester.adb:146: recieved ==> received
./src/components/ccsds_command_depacketizer/test/component-ccsds_command_depacketizer-implementation-tester.adb:153: recieved ==> received
./src/components/ccsds_command_depacketizer/test/component-ccsds_command_depacketizer-implementation-tester.ads:113: recieved ==> received
./src/components/ccsds_command_depacketizer/test/component-ccsds_command_depacketizer-implementation-tester.ads:115: recieved ==> received
./src/components/ccsds_downsampler/ccsds_downsampler.commands.yaml:5: Modifiy ==> Modify
./src/components/ccsds_downsampler/ccsds_downsampler.component.yaml:30: specifc ==> specific
./src/components/ccsds_downsampler/component-ccsds_downsampler-implementation.adb:135: Modifiy ==> Modify
./src/components/ccsds_downsampler/component-ccsds_downsampler-implementation.adb:148: successfull ==> successful
./src/components/ccsds_downsampler/component-ccsds_downsampler-implementation.ads:93: Modifiy ==> Modify
./src/components/ccsds_downsampler/apid_tree/apid_tree.adb:43: couldnt ==> couldn't
./src/components/ccsds_downsampler/apid_tree/apid_tree.adb:84: incase ==> in case
./src/components/ccsds_downsampler/apid_tree/test/apid_tree.tests.yaml:5: inteded ==> intended
./src/components/ccsds_downsampler/apid_tree/test/apid_tree_tests-implementation.ads:15: inteded ==> intended
./src/components/ccsds_downsampler/test/ccsds_downsampler_tests-implementation.adb:314: successfull ==> successful
./src/components/ccsds_downsampler/test/component-ccsds_downsampler-implementation-tester.adb:86: specifc ==> specific
./src/components/ccsds_downsampler/test/component-ccsds_downsampler-implementation-tester.ads:80: specifc ==> specific
./src/components/ccsds_packetizer/test/ccsds_packetizer.tests.yaml:5: excersizes ==> exercises
./src/components/ccsds_packetizer/test/ccsds_packetizer.tests.yaml:7: excersizes ==> exercises
./src/components/ccsds_packetizer/test/ccsds_packetizer.tests.yaml:9: excersizes ==> exercises
./src/components/ccsds_packetizer/test/ccsds_packetizer_tests-implementation.ads:14: excersizes ==> exercises
./src/components/ccsds_packetizer/test/ccsds_packetizer_tests-implementation.ads:16: excersizes ==> exercises
./src/components/ccsds_packetizer/test/ccsds_packetizer_tests-implementation.ads:18: excersizes ==> exercises
./src/components/ccsds_product_extractor/ccsds_product_extractor.product_extractor_data_products.yaml:5: doesnt ==> doesn't, does not
./src/components/ccsds_product_extractor/ccsds_product_extractor.requirements.yaml:4: inital ==> initial
./src/components/ccsds_product_extractor/gen/templates/extracted_products/name.adb:41: successfull ==> successful
./src/components/ccsds_product_extractor/gen/templates/extracted_products/name.adb:63: relevent ==> relevant
./src/components/ccsds_product_extractor/test/component-ccsds_product_extractor-implementation-tester.adb:102: doesnt ==> doesn't, does not
./src/components/ccsds_product_extractor/test/component-ccsds_product_extractor-implementation-tester.ads:84: doesnt ==> doesn't, does not
./src/components/ccsds_product_extractor/types/invalid_product_length.record.yaml:2: extacted ==> extracted, exacted
./src/components/ccsds_product_extractor/types/invalid_product_length.record.yaml:9: extacted ==> extracted, exacted
./src/components/ccsds_router/ccsds_router.component.yaml:3: seperate ==> separate
./src/components/ccsds_router/doc/ccsds_router_context.tex:12: desireable ==> desirable
./src/components/ccsds_router/doc/ccsds_router_context.tex:28: asyncronous ==> asynchronous
./src/components/ccsds_router/test/component-ccsds_router-implementation-tester.ads:19: seperate ==> separate
./src/components/ccsds_router/test_unrecognized_apid/component-ccsds_router-implementation-tester.ads:18: seperate ==> separate
./src/components/ccsds_serial_interface/ccsds_serial_interface.component.yaml:7: incomming ==> incoming
./src/components/ccsds_serial_interface/component-ccsds_serial_interface-implementation.adb:65: incomming ==> incoming
./src/components/ccsds_serial_interface/component-ccsds_serial_interface-implementation.ads:48: incomming ==> incoming
./src/components/ccsds_serial_interface/test_read/ccsds_serial_interface.tests.yaml:5: fowarded ==> forwarded
./src/components/ccsds_serial_interface/test_read/ccsds_serial_interface.tests.yaml:5: excersizes ==> exercises
./src/components/ccsds_serial_interface/test_read/ccsds_serial_interface_tests-implementation.ads:14: fowarded ==> forwarded
./src/components/ccsds_serial_interface/test_read/ccsds_serial_interface_tests-implementation.ads:14: excersizes ==> exercises
./src/components/ccsds_serial_interface/test_write/ccsds_serial_interface.tests.yaml:5: fowarded ==> forwarded
./src/components/ccsds_serial_interface/test_write/ccsds_serial_interface_tests-implementation.ads:14: fowarded ==> forwarded
./src/components/ccsds_socket_interface/ccsds_socket_interface.component.yaml:3: recieve ==> receive
./src/components/ccsds_socket_interface/ccsds_socket_interface.component.yaml:18: incomming ==> incoming
./src/components/ccsds_socket_interface/component-ccsds_socket_interface-implementation.adb:92: incomming ==> incoming
./src/components/ccsds_socket_interface/component-ccsds_socket_interface-implementation.ads:9: recieve ==> receive
./src/components/ccsds_socket_interface/component-ccsds_socket_interface-implementation.ads:50: incomming ==> incoming
./src/components/ccsds_socket_interface/test_read/component-ccsds_socket_interface-implementation-tester.ads:14: recieve ==> receive
./src/components/ccsds_socket_interface/test_read/tests-implementation.ads:15: fowarded ==> forwarded
./src/components/ccsds_socket_interface/test_read/tests-implementation.ads:15: excersizes ==> exercises
./src/components/ccsds_socket_interface/test_read/tests.ccsds_socket_interface.tests.yaml:5: fowarded ==> forwarded
./src/components/ccsds_socket_interface/test_read/tests.ccsds_socket_interface.tests.yaml:5: excersizes ==> exercises
./src/components/ccsds_socket_interface/test_write/component-ccsds_socket_interface-implementation-tester.ads:15: recieve ==> receive
./src/components/ccsds_socket_interface/test_write/tests-implementation.ads:15: fowarded ==> forwarded
./src/components/ccsds_socket_interface/test_write/tests.ccsds_socket_interface.tests.yaml:5: fowarded ==> forwarded
./src/components/ccsds_subpacket_extractor/ccsds_subpacket_extractor.requirements.yaml:5: occurence ==> occurrence
./src/components/ccsds_subpacket_extractor/doc/ccsds_subpacket_extractor_context.tex:12: desireable ==> desirable
./src/components/ccsds_subpacket_extractor/test/ccsds_subpacket_extractor_tests-implementation.adb:341: extacted ==> extracted, exacted
./src/components/ccsds_subpacket_extractor/test/ccsds_subpacket_extractor_tests-implementation.adb:362: extacted ==> extracted, exacted
./src/components/ccsds_subpacket_extractor/test/ccsds_subpacket_extractor_tests-implementation.adb:451: extacted ==> extracted, exacted
./src/components/command_protector/arm_state/arm_state.adb:26: timout ==> timeout
./src/components/command_protector/arm_state/arm_state.ads:20: timout ==> timeout
./src/components/command_protector/types/packed_arm_timeout.record.yaml:2: timout ==> timeout
./src/components/command_router/command_router.component.yaml:18: recieves ==> receives
./src/components/command_router/command_router.component.yaml:22: recieves ==> receives
./src/components/command_router/command_router.component.yaml:30: recieved ==> received
./src/components/command_router/command_router.component.yaml:38: recieve ==> receive
./src/components/command_router/component-command_router-implementation.adb:78: recieves ==> receives
./src/components/command_router/component-command_router-implementation.adb:115: recieve ==> receive
./src/components/command_router/component-command_router-implementation.adb:153: recieved ==> received
./src/components/command_router/component-command_router-implementation.adb:259: infomational ==> informational
./src/components/command_router/component-command_router-implementation.adb:287: infomational ==> informational
./src/components/command_router/component-command_router-implementation.adb:334: comand ==> command
./src/components/command_router/component-command_router-implementation.ads:63: recieves ==> receives
./src/components/command_router/component-command_router-implementation.ads:67: recieves ==> receives
./src/components/command_router/component-command_router-implementation.ads:69: recieve ==> receive
./src/components/command_router/component-command_router-implementation.ads:73: recieved ==> received
./src/components/command_router/router_table/test/router_table_tests-implementation.adb:72: nonexistant ==> nonexistent
./src/components/command_router/router_table/test/router_table_tests-implementation.ads:16: elemenents ==> elements
./src/components/command_router/test/command_router.tests.yaml:5: excersizes ==> exercises
./src/components/command_router/test/command_router.tests.yaml:7: excersizes ==> exercises
./src/components/command_router/test/command_router_tests-implementation.adb:792: commmand ==> command
./src/components/command_router/test/command_router_tests-implementation.ads:14: excersizes ==> exercises
./src/components/command_router/test/command_router_tests-implementation.ads:16: excersizes ==> exercises
./src/components/command_sequencer/command_sequencer.component.yaml:5: precendence ==> precedence
./src/components/command_sequencer/command_sequencer.component.yaml:5: proceding ==> proceeding, preceding
./src/components/command_sequencer/command_sequencer.events.yaml:48: specic ==> specific
./src/components/command_sequencer/command_sequencer.events.yaml:72: occured ==> occurred
./src/components/command_sequencer/component-command_sequencer-implementation.adb:440: minumum ==> minimum
./src/components/command_sequencer/component-command_sequencer-implementation.adb:500: Seach ==> Search, Each, Reach, Teach, Beach
./src/components/command_sequencer/component-command_sequencer-implementation.adb:766: excersized ==> exercised
./src/components/command_sequencer/component-command_sequencer-implementation.adb:1331: consistant ==> consistent
./src/components/command_sequencer/component-command_sequencer-implementation.ads:15: precendence ==> precedence
./src/components/command_sequencer/component-command_sequencer-implementation.ads:15: proceding ==> proceeding, preceding
./src/components/command_sequencer/component-command_sequencer-implementation.ads:46: auxillary ==> auxiliary
./src/components/command_sequencer/component-command_sequencer-implementation.ads:66: ot ==> to, of, or, not
./src/components/command_sequencer/seq/engine/seq.ads:16: eachother ==> each other
./src/components/command_sequencer/seq/engine/seq.ads:73: currenty ==> currently
./src/components/command_sequencer/seq/engine/seq.ads:177: exection ==> execution
./src/components/command_sequencer/seq/runtime/seq_runtime.adb:253: successfull ==> successful
./src/components/command_sequencer/seq/runtime/seq_runtime.adb:554: statments ==> statements
./src/components/command_sequencer/seq/runtime/seq_runtime.adb:570: dissallowed ==> disallowed
./src/components/command_sequencer/seq/runtime/seq_runtime.adb:583: dissallowed ==> disallowed
./src/components/command_sequencer/seq/runtime/seq_runtime.ads:100: shouod ==> should
./src/components/command_sequencer/seq/simulator/main.adb:31: srouce ==> source
./src/components/command_sequencer/seq/simulator/main.adb:73: occured ==> occurred
./src/components/command_sequencer/seq/simulator/seq_simulator.adb:208: occured ==> occurred
./src/components/command_sequencer/seq/test/seq_tests-implementation.adb:164: proces ==> process
./src/components/command_sequencer/seq/test/seq_tests-implementation.adb:1327: occured ==> occurred
./src/components/command_sequencer/seq/test/seq_tests-implementation.adb:1333: occured ==> occurred
./src/components/command_sequencer/seq/types/seq_enums.enums.yaml:10: occured ==> occurred
./src/components/command_sequencer/seq/types/seq_enums.enums.yaml:34: occured ==> occurred
./src/components/command_sequencer/seq/types/seq_enums.enums.yaml:56: recieved ==> received
./src/components/command_sequencer/seq/types/seq_enums.enums.yaml:58: recieved ==> received
./src/components/command_sequencer/seq/types/seq_enums.enums.yaml:60: recieved ==> received
./src/components/command_sequencer/seq/types/seq_enums.enums.yaml:149: overwritting ==> overwriting
./src/components/command_sequencer/seq/types/seq_enums.enums.yaml:318: anoter ==> another
./src/components/command_sequencer/seq/types/seq_enums.enums.yaml:400: endianess ==> endianness
./src/components/command_sequencer/seq/types/seq_types.ads:30: implicitley ==> implicitly
./src/components/command_sequencer/seq/types/seq_types.ads:91: varaible ==> variable
./src/components/command_sequencer/test/command_sequencer.tests.yaml:39: issueing ==> issuing
./src/components/command_sequencer/test/command_sequencer_tests-implementation.adb:564: exepct ==> expect
./src/components/command_sequencer/test/command_sequencer_tests-implementation.adb:1072: sequnce ==> sequence
./src/components/command_sequencer/test/command_sequencer_tests-implementation.adb:1084: sequnce ==> sequence
./src/components/command_sequencer/test/command_sequencer_tests-implementation.adb:1092: sequnce ==> sequence
./src/components/command_sequencer/test/command_sequencer_tests-implementation.adb:1100: sequnce ==> sequence
./src/components/command_sequencer/test/command_sequencer_tests-implementation.adb:1137: sequnce ==> sequence
./src/components/command_sequencer/test/command_sequencer_tests-implementation.adb:1313: comparion ==> comparison
./src/components/command_sequencer/test/command_sequencer_tests-implementation.adb:3348: existant ==> existent
./src/components/command_sequencer/test/command_sequencer_tests-implementation.ads:49: issueing ==> issuing
./src/components/command_sequencer/test/component-command_sequencer-implementation-tester.adb:433: specic ==> specific
./src/components/command_sequencer/test/component-command_sequencer-implementation-tester.adb:489: occured ==> occurred
./src/components/command_sequencer/test/component-command_sequencer-implementation-tester.ads:46: precendence ==> precedence
./src/components/command_sequencer/test/component-command_sequencer-implementation-tester.ads:46: proceding ==> proceeding, preceding
./src/components/command_sequencer/test/component-command_sequencer-implementation-tester.ads:272: specic ==> specific
./src/components/command_sequencer/test/component-command_sequencer-implementation-tester.ads:288: occured ==> occurred
./src/components/command_sequencer/test/test_component/test_component.component.yaml:5: recieve ==> receive
./src/components/command_sequencer/test/test_sequences/recurs_subseq_18.txt:2: eventuall ==> eventually
./src/components/connector_counter_16/component-connector_counter_16-implementation.ads:9: occuring ==> occurring
./src/components/connector_counter_8/component-connector_counter_8-implementation.ads:9: occuring ==> occurring
./src/components/connector_protector/component-connector_protector-implementation.ads:5: automic ==> atomic, automatic
./src/components/connector_protector/connector_protector.component.yaml:2: automic ==> atomic, automatic
./src/components/connector_protector/test/component-connector_protector-implementation-tester.ads:9: automic ==> atomic, automatic
./src/components/cpu_monitor/component-cpu_monitor-implementation.adb:103: constaint ==> constraint
./src/components/cpu_monitor/component-cpu_monitor-implementation.adb:183: recieve ==> receive
./src/components/cpu_monitor/component-cpu_monitor-implementation.ads:79: recieve ==> receive
./src/components/cpu_monitor/cpu_monitor.component.yaml:39: recieve ==> receive
./src/components/cpu_monitor/test/cpu_monitor.tests.yaml:5: excersizes ==> exercises
./src/components/cpu_monitor/test/cpu_monitor_tests-implementation.adb:26: iself ==> itself
./src/components/cpu_monitor/test/cpu_monitor_tests-implementation.adb:31: iself ==> itself
./src/components/cpu_monitor/test/cpu_monitor_tests-implementation.ads:14: excersizes ==> exercises
./src/components/event_filter/component-event_filter-implementation.adb:97: isnt ==> isn't
./src/components/event_filter/event_filter.component.yaml:37: specifc ==> specific
./src/components/event_filter/event_filter.requirements.yaml:4: begining ==> beginning
./src/components/event_filter/event_filter_entry/event_filter_entry.adb:31: baised ==> raised, biased, braised, bailed, baited
./src/components/event_filter/event_filter_entry/test/event_filter_entry.tests.yaml:5: inteded ==> intended
./src/components/event_filter/event_filter_entry/test/event_filter_entry_tests-implementation.adb:204: boundry ==> boundary
./src/components/event_filter/event_filter_entry/test/event_filter_entry_tests-implementation.adb:243: filterd ==> filtered
./src/components/event_filter/event_filter_entry/test/event_filter_entry_tests-implementation.ads:15: inteded ==> intended
./src/components/event_filter/test/component-event_filter-implementation-tester.adb:100: specifc ==> specific
./src/components/event_filter/test/component-event_filter-implementation-tester.ads:105: specifc ==> specific
./src/components/event_filter/types/event_component_state_type.record.yaml:5: individal ==> individual
./src/components/event_limiter/component-event_limiter-implementation.adb:105: inital ==> initial
./src/components/event_limiter/component-event_limiter-implementation.adb:115: accomodate ==> accommodate
./src/components/event_limiter/component-event_limiter-implementation.adb:150: avaliable ==> available
./src/components/event_limiter/component-event_limiter-implementation.adb:156: shouldnt ==> shouldn't
./src/components/event_limiter/component-event_limiter-implementation.adb:186: incase ==> in case
./src/components/event_limiter/component-event_limiter-implementation.adb:186: isnt ==> isn't
./src/components/event_limiter/component-event_limiter-implementation.adb:246: efficency ==> efficiency
./src/components/event_limiter/component-event_limiter-implementation.ads:27: inital ==> initial
./src/components/event_limiter/event_limiter.component.yaml:28: inital ==> initial
./src/components/event_limiter/event_limiter.component.yaml:43: specifc ==> specific
./src/components/event_limiter/test/component-event_limiter-implementation-tester.adb:97: specifc ==> specific
./src/components/event_limiter/test/component-event_limiter-implementation-tester.ads:116: specifc ==> specific
./src/components/event_limiter/test/event_limiter.tests.yaml:7: contruction ==> construction
./src/components/event_limiter/test/event_limiter_tests-implementation.adb:255: shouldnt ==> shouldn't
./src/components/event_limiter/test/event_limiter_tests-implementation.adb:292: Perfom ==> Perform
./src/components/event_limiter/test/event_limiter_tests-implementation.adb:474: persistance ==> persistence
./src/components/event_limiter/test/event_limiter_tests-implementation.adb:474: successfull ==> successful
./src/components/event_limiter/test/event_limiter_tests-implementation.adb:533: persistance ==> persistence
./src/components/event_limiter/test/event_limiter_tests-implementation.adb:533: successfull ==> successful
./src/components/event_limiter/test/event_limiter_tests-implementation.adb:647: persistance ==> persistence
./src/components/event_limiter/test/event_limiter_tests-implementation.adb:647: successfull ==> successful
./src/components/event_limiter/test/event_limiter_tests-implementation.adb:784: persistance ==> persistence
./src/components/event_limiter/test/event_limiter_tests-implementation.adb:784: successfull ==> successful
./src/components/event_limiter/test/event_limiter_tests-implementation.ads:19: contruction ==> construction
./src/components/event_limiter/two_counter_entry/two_counter_entry.adb:23: baised ==> raised, biased, braised, bailed, baited
./src/components/event_limiter/two_counter_entry/two_counter_entry.adb:55: efficency ==> efficiency
./src/components/event_limiter/two_counter_entry/two_counter_entry.adb:57: shouldnt ==> shouldn't
./src/components/event_limiter/two_counter_entry/two_counter_entry.adb:127: shouldnt ==> shouldn't
./src/components/event_limiter/two_counter_entry/two_counter_entry.adb:189: shouldnt ==> shouldn't
./src/components/event_limiter/two_counter_entry/two_counter_entry.adb:219: incase ==> in case
./src/components/event_limiter/two_counter_entry/two_counter_entry.adb:221: shouldnt ==> shouldn't
./src/components/event_limiter/two_counter_entry/two_counter_entry.adb:238: persistance ==> persistence
./src/components/event_limiter/two_counter_entry/two_counter_entry.adb:314: overlayed ==> overlaid
./src/components/event_limiter/two_counter_entry/two_counter_entry.adb:316: doesnt ==> doesn't, does not
./src/components/event_limiter/two_counter_entry/two_counter_entry.adb:316: perfom ==> perform
./src/components/event_limiter/two_counter_entry/two_counter_entry.ads:62: perfom ==> perform
./src/components/event_limiter/two_counter_entry/two_counter_entry.ads:62: rewite ==> rewrite
./src/components/event_limiter/two_counter_entry/test/two_counter_entry.tests.yaml:5: inteded ==> intended
./src/components/event_limiter/two_counter_entry/test/two_counter_entry_tests-implementation.adb:77: unitialized ==> uninitialized
./src/components/event_limiter/two_counter_entry/test/two_counter_entry_tests-implementation.adb:183: presistance ==> persistence
./src/components/event_limiter/two_counter_entry/test/two_counter_entry_tests-implementation.adb:210: presistance ==> persistence
./src/components/event_limiter/two_counter_entry/test/two_counter_entry_tests-implementation.adb:313: decrment ==> decrement
./src/components/event_limiter/two_counter_entry/test/two_counter_entry_tests-implementation.adb:379: doesnt ==> doesn't, does not
./src/components/event_limiter/two_counter_entry/test/two_counter_entry_tests-implementation.adb:586: opperate ==> operate
./src/components/event_limiter/two_counter_entry/test/two_counter_entry_tests-implementation.adb:655: persistance ==> persistence
./src/components/event_limiter/two_counter_entry/test/two_counter_entry_tests-implementation.ads:16: inteded ==> intended
./src/components/event_packetizer/component-event_packetizer-implementation.ads:71: pased ==> passed, parsed
./src/components/event_packetizer/test/event_packetizer.tests.yaml:5: excersizes ==> exercises
./src/components/event_packetizer/test/event_packetizer.tests.yaml:7: excersizes ==> exercises
./src/components/event_packetizer/test/event_packetizer.tests.yaml:9: excersizes ==> exercises
./src/components/event_packetizer/test/event_packetizer.tests.yaml:13: excersizes ==> exercises
./src/components/event_packetizer/test/event_packetizer.tests.yaml:15: excersizes ==> exercises
./src/components/event_packetizer/test/event_packetizer_tests-implementation.adb:88: Intialize ==> Initialize
./src/components/event_packetizer/test/event_packetizer_tests-implementation.adb:218: Intialize ==> Initialize
./src/components/event_packetizer/test/event_packetizer_tests-implementation.adb:301: Intialize ==> Initialize
./src/components/event_packetizer/test/event_packetizer_tests-implementation.adb:377: Intialize ==> Initialize
./src/components/event_packetizer/test/event_packetizer_tests-implementation.adb:496: Intialize ==> Initialize
./src/components/event_packetizer/test/event_packetizer_tests-implementation.adb:636: Intialize ==> Initialize
./src/components/event_packetizer/test/event_packetizer_tests-implementation.ads:14: excersizes ==> exercises
./src/components/event_packetizer/test/event_packetizer_tests-implementation.ads:16: excersizes ==> exercises
./src/components/event_packetizer/test/event_packetizer_tests-implementation.ads:18: excersizes ==> exercises
./src/components/event_packetizer/test/event_packetizer_tests-implementation.ads:22: excersizes ==> exercises
./src/components/event_packetizer/test/event_packetizer_tests-implementation.ads:24: excersizes ==> exercises
./src/components/fault_correction/component-fault_correction-implementation.adb:198: recieve ==> receive
./src/components/fault_correction/component-fault_correction-implementation.adb:463: infomational ==> informational
./src/components/fault_correction/component-fault_correction-implementation.ads:83: recieve ==> receive
./src/components/fault_correction/fault_correction.component.yaml:12: recieve ==> receive
./src/components/fault_correction/test/test_component/test_component.component.yaml:5: recieve ==> receive
./src/components/fault_correction/types/fault_correction_enums.enums.yaml:36: fualt ==> fault
./src/components/forwarder/forwarder.component.yaml:31: specifc ==> specific
./src/components/forwarder/test/component-forwarder-implementation-tester.adb:84: specifc ==> specific
./src/components/forwarder/test/component-forwarder-implementation-tester.ads:78: specifc ==> specific
./src/components/interrupt_listener/component-interrupt_listener-implementation.ads:9: occured ==> occurred
./src/components/interrupt_listener/component-interrupt_listener-implementation.ads:9: invokation ==> invocation
./src/components/interrupt_listener/test/component-interrupt_listener-implementation-tester.ads:10: requestor ==> requester
./src/components/interrupt_pender/component-interrupt_pender-implementation.ads:9: interrup ==> interrupt
./src/components/interrupt_pender/component-interrupt_pender-implementation.ads:9: occures ==> occurs
./src/components/interrupt_pender/test/component-interrupt_pender-implementation-tester.ads:14: interrup ==> interrupt
./src/components/interrupt_servicer/component-interrupt_servicer-implementation.ads:9: everytime ==> every time
./src/components/interrupt_servicer/interrupt_servicer.component.yaml:2: instatiation ==> instantiation
./src/components/interrupt_servicer/test/component-interrupt_servicer-implementation-tester.ads:11: everytime ==> every time
./src/components/last_chance_manager/last_chance_manager.requirements.yaml:4: occurance ==> occurrence
./src/components/limiter/component-limiter-implementation.ads:10: ommitted ==> omitted
./src/components/limiter/limiter.component.yaml:2: ommitted ==> omitted
./src/components/limiter/test/component-limiter-implementation-tester.ads:20: ommitted ==> omitted
./src/components/limiter/test/limiter.tests.yaml:5: excersizes ==> exercises
./src/components/limiter/test/limiter.tests.yaml:7: excersizes ==> exercises
./src/components/limiter/test/limiter.tests.yaml:9: excersizes ==> exercises
./src/components/limiter/test/limiter_tests-implementation.ads:18: excersizes ==> exercises
./src/components/limiter/test/limiter_tests-implementation.ads:20: excersizes ==> exercises
./src/components/limiter/test/limiter_tests-implementation.ads:22: excersizes ==> exercises
./src/components/limiter/test_variable/component-limiter-implementation-tester.ads:20: ommitted ==> omitted
./src/components/limiter/test_variable/variable_tests-implementation.ads:18: excersizes ==> exercises
./src/components/limiter/test_variable/variable_tests.limiter.tests.yaml:5: excersizes ==> exercises
./src/components/memory_copier/component-memory_copier-implementation.adb:88: vitual ==> virtual, visual
./src/components/memory_copier/memory_copier.events.yaml:19: occured ==> occurred
./src/components/memory_copier/test/component-memory_copier-implementation-tester.adb:185: occured ==> occurred
./src/components/memory_copier/test/component-memory_copier-implementation-tester.ads:122: occured ==> occurred
./src/components/memory_dumper/component-memory_dumper-implementation.adb:29: recieve ==> receive
./src/components/memory_dumper/component-memory_dumper-implementation.ads:34: recieve ==> receive
./src/components/memory_dumper/memory_dumper.component.yaml:12: recieve ==> receive
./src/components/memory_dumper/test/memory_dumper.tests.yaml:5: excersizes ==> exercises
./src/components/memory_dumper/test/memory_dumper.tests.yaml:7: excersizes ==> exercises
./src/components/memory_dumper/test/memory_dumper.tests.yaml:9: excersizes ==> exercises
./src/components/memory_dumper/test/memory_dumper_tests-implementation.ads:14: excersizes ==> exercises
./src/components/memory_dumper/test/memory_dumper_tests-implementation.ads:16: excersizes ==> exercises
./src/components/memory_dumper/test/memory_dumper_tests-implementation.ads:18: excersizes ==> exercises
./src/components/memory_manager/component-memory_manager-implementation.adb:45: succeded ==> succeeded
./src/components/memory_manager/component-memory_manager-implementation.adb:354: anomolous ==> anomalous
./src/components/memory_manager/component-memory_manager-implementation.ads:11: requestor ==> requester
./src/components/memory_manager/component-memory_manager-implementation.ads:11: inadvertant ==> inadvertent
./src/components/memory_manager/component-memory_manager-implementation.ads:11: seperate ==> separate
./src/components/memory_manager/component-memory_manager-implementation.ads:38: succeded ==> succeeded
./src/components/memory_manager/component-memory_manager-implementation.ads:57: requestors ==> requesters
./src/components/memory_manager/component-memory_manager-implementation.ads:111: anomolous ==> anomalous
./src/components/memory_manager/memory_manager.commands.yaml:16: anomolous ==> anomalous
./src/components/memory_manager/test/component-memory_manager-implementation-tester.ads:28: requestor ==> requester
./src/components/memory_manager/test/component-memory_manager-implementation-tester.ads:28: inadvertant ==> inadvertent
./src/components/memory_manager/test/component-memory_manager-implementation-tester.ads:28: seperate ==> separate
./src/components/memory_manager/test/memory_manager.tests.yaml:5: excersizes ==> exercises
./src/components/memory_manager/test/memory_manager.tests.yaml:7: excersizes ==> exercises
./src/components/memory_manager/test/memory_manager.tests.yaml:9: excersizes ==> exercises
./src/components/memory_manager/test/memory_manager.tests.yaml:11: excersizes ==> exercises
./src/components/memory_manager/test/memory_manager.tests.yaml:13: excersizes ==> exercises
./src/components/memory_manager/test/memory_manager.tests.yaml:15: excersizes ==> exercises
./src/components/memory_manager/test/memory_manager.tests.yaml:17: excersizes ==> exercises
./src/components/memory_manager/test/memory_manager.tests.yaml:19: excersizes ==> exercises
./src/components/memory_manager/test/memory_manager.tests.yaml:21: excersizes ==> exercises
./src/components/memory_manager/test/memory_manager.tests.yaml:23: excersizes ==> exercises
./src/components/memory_manager/test/memory_manager.tests.yaml:25: excersizes ==> exercises
./src/components/memory_manager/test/memory_manager.tests.yaml:27: excersizes ==> exercises
./src/components/memory_manager/test/memory_manager_tests-implementation.ads:14: excersizes ==> exercises
./src/components/memory_manager/test/memory_manager_tests-implementation.ads:16: excersizes ==> exercises
./src/components/memory_manager/test/memory_manager_tests-implementation.ads:18: excersizes ==> exercises
./src/components/memory_manager/test/memory_manager_tests-implementation.ads:20: excersizes ==> exercises
./src/components/memory_manager/test/memory_manager_tests-implementation.ads:22: excersizes ==> exercises
./src/components/memory_manager/test/memory_manager_tests-implementation.ads:24: excersizes ==> exercises
./src/components/memory_manager/test/memory_manager_tests-implementation.ads:26: excersizes ==> exercises
./src/components/memory_manager/test/memory_manager_tests-implementation.ads:28: excersizes ==> exercises
./src/components/memory_manager/test/memory_manager_tests-implementation.ads:30: excersizes ==> exercises
./src/components/memory_manager/test/memory_manager_tests-implementation.ads:32: excersizes ==> exercises
./src/components/memory_manager/test/memory_manager_tests-implementation.ads:34: excersizes ==> exercises
./src/components/memory_manager/test/memory_manager_tests-implementation.ads:36: excersizes ==> exercises
./src/components/memory_manager/types/memory_manager_enums.enums.yaml:12: requestor ==> requester
./src/components/memory_packetizer/test/memory_packetizer.tests.yaml:7: commmand ==> command
./src/components/memory_packetizer/test/memory_packetizer.tests.yaml:9: commmand ==> command
./src/components/memory_packetizer/test/memory_packetizer_tests-implementation.ads:16: commmand ==> command
./src/components/memory_packetizer/test/memory_packetizer_tests-implementation.ads:18: commmand ==> command
./src/components/memory_packetizer_fixed_id/test/memory_packetizer_fixed_id.tests.yaml:7: commmand ==> command
./src/components/memory_packetizer_fixed_id/test/memory_packetizer_fixed_id.tests.yaml:9: commmand ==> command
./src/components/memory_packetizer_fixed_id/test/memory_packetizer_fixed_id_tests-implementation.ads:17: commmand ==> command
./src/components/memory_packetizer_fixed_id/test/memory_packetizer_fixed_id_tests-implementation.ads:19: commmand ==> command
./src/components/memory_stuffer/component-memory_stuffer-implementation.adb:73: recieve ==> receive
./src/components/memory_stuffer/component-memory_stuffer-implementation.ads:58: recieve ==> receive
./src/components/memory_stuffer/memory_stuffer.component.yaml:19: recieve ==> receive
./src/components/memory_stuffer/memory_stuffer.component.yaml:25: occured ==> occurred
./src/components/memory_stuffer/test/component-memory_stuffer-implementation-tester.adb:88: occured ==> occurred
./src/components/memory_stuffer/test/component-memory_stuffer-implementation-tester.ads:99: occured ==> occurred
./src/components/memory_stuffer/test/memory_stuffer.tests.yaml:7: excersizes ==> exercises
./src/components/memory_stuffer/test/memory_stuffer.tests.yaml:9: excersizes ==> exercises
./src/components/memory_stuffer/test/memory_stuffer.tests.yaml:11: excersizes ==> exercises
./src/components/memory_stuffer/test/memory_stuffer.tests.yaml:13: excersizes ==> exercises
./src/components/memory_stuffer/test/memory_stuffer.tests.yaml:15: excersizes ==> exercises
./src/components/memory_stuffer/test/memory_stuffer.tests.yaml:19: excersizes ==> exercises
./src/components/memory_stuffer/test/memory_stuffer.tests.yaml:21: excersizes ==> exercises
./src/components/memory_stuffer/test/memory_stuffer_tests-implementation.ads:16: excersizes ==> exercises
./src/components/memory_stuffer/test/memory_stuffer_tests-implementation.ads:18: excersizes ==> exercises
./src/components/memory_stuffer/test/memory_stuffer_tests-implementation.ads:20: excersizes ==> exercises
./src/components/memory_stuffer/test/memory_stuffer_tests-implementation.ads:22: excersizes ==> exercises
./src/components/memory_stuffer/test/memory_stuffer_tests-implementation.ads:24: excersizes ==> exercises
./src/components/memory_stuffer/test/memory_stuffer_tests-implementation.ads:28: excersizes ==> exercises
./src/components/memory_stuffer/test/memory_stuffer_tests-implementation.ads:30: excersizes ==> exercises
./src/components/parameters/component-parameters-implementation.adb:62: greated ==> greater, grated, graded
./src/components/parameters/component-parameters-implementation.adb:397: recieve ==> receive
./src/components/parameters/component-parameters-implementation.ads:54: recieve ==> receive
./src/components/parameters/parameters.component.yaml:20: recieve ==> receive
./src/components/parameters/gen/doc/parameter_table_generator.tex:24: tabl ==> table
./src/components/parameters/gen/models/parameters_packets.py:9: parmaeters ==> parameters
./src/components/parameters/gen/schemas/parameter_table.yaml:20: simpy ==> simply
./src/components/parameter_store/component-parameter_store-implementation.adb:59: ocurred ==> occurred
./src/components/parameter_store/component-parameter_store-implementation.adb:82: recieve ==> receive
./src/components/parameter_store/component-parameter_store-implementation.ads:51: recieve ==> receive
./src/components/parameter_store/parameter_store.component.yaml:16: recieve ==> receive
./src/components/pid_controller/component-pid_controller-implementation.adb:228: recieve ==> receive
./src/components/pid_controller/component-pid_controller-implementation.ads:90: recieve ==> receive
./src/components/pid_controller/pid_controller.component.yaml:37: recieve ==> receive
./src/components/pid_controller/pid_controller.parameters.yaml:21: asymetrical ==> asymmetrical
./src/components/pid_controller/pid_controller.parameters.yaml:25: asymetrical ==> asymmetrical
./src/components/pid_controller/pid_controller.requirements.yaml:7: specifed ==> specified
./src/components/pid_controller/test/pid_controller_tests-implementation.adb:261: negitive ==> negative
./src/components/precision_time_protocol_master/component-precision_time_protocol_master-implementation.adb:57: messsage ==> message
./src/components/precision_time_protocol_master/component-precision_time_protocol_master-implementation.adb:134: messsage ==> message
./src/components/precision_time_protocol_master/component-precision_time_protocol_master-implementation.ads:37: recieved ==> received
./src/components/precision_time_protocol_master/precision_time_protocol_master.events.yaml:5: Recieved ==> Received
./src/components/precision_time_protocol_master/precision_time_protocol_master.events.yaml:8: Recieved ==> Received
./src/components/precision_time_protocol_master/test/component-precision_time_protocol_master-implementation-tester.adb:186: Recieved ==> Received
./src/components/precision_time_protocol_master/test/component-precision_time_protocol_master-implementation-tester.adb:193: Recieved ==> Received
./src/components/precision_time_protocol_master/test/component-precision_time_protocol_master-implementation-tester.ads:129: Recieved ==> Received
./src/components/precision_time_protocol_master/test/component-precision_time_protocol_master-implementation-tester.ads:131: Recieved ==> Received
./src/components/precision_time_protocol_master/types/ptp_time_message_receive.record.yaml:2: retreived ==> retrieved
./src/components/product_database/component-product_database-implementation.ads:13: minumum ==> minimum
./src/components/product_database/component-product_database-implementation.ads:13: recieved ==> received
./src/components/product_database/component-product_database-implementation.ads:13: iself ==> itself
./src/components/product_database/product_database.component.yaml:3: minumum ==> minimum
./src/components/product_database/product_database.component.yaml:3: recieved ==> received
./src/components/product_database/product_database.component.yaml:3: iself ==> itself
./src/components/product_database/test/component-product_database-implementation-tester.ads:24: minumum ==> minimum
./src/components/product_database/test/component-product_database-implementation-tester.ads:24: recieved ==> received
./src/components/product_database/test/component-product_database-implementation-tester.ads:24: iself ==> itself
./src/components/product_packetizer/component-product_packetizer-implementation.adb:30: suprise ==> surprise
./src/components/product_packetizer/test/tests-implementation.ads:40: emmitted ==> emitted
./src/components/product_packetizer/test/tests.product_packetizer.tests.yaml:31: emmitted ==> emitted
./src/components/queue_monitor/component-queue_monitor-implementation.adb:79: recieve ==> receive
./src/components/queue_monitor/component-queue_monitor-implementation.ads:55: recieve ==> receive
./src/components/queue_monitor/queue_monitor.component.yaml:25: recieve ==> receive
./src/components/queue_monitor/test/queue_monitor.tests.yaml:5: excersizes ==> exercises
./src/components/queue_monitor/test/queue_monitor.tests.yaml:7: excersizes ==> exercises
./src/components/queue_monitor/test/queue_monitor_tests-implementation.ads:14: excersizes ==> exercises
./src/components/queue_monitor/test/queue_monitor_tests-implementation.ads:16: excersizes ==> exercises
./src/components/rate_group/component-rate_group-implementation.adb:19: desireable ==> desirable
./src/components/rate_group/component-rate_group-implementation.ads:8: excute ==> execute
./src/components/rate_group/component-rate_group-implementation.ads:23: desireable ==> desirable
./src/components/rate_group/rate_group.component.yaml:3: excute ==> execute
./src/components/rate_group/rate_group.component.yaml:18: desireable ==> desirable
./src/components/rate_group/event_args/cycle_slip_param.record.yaml:5: occured ==> occurred
./src/components/rate_group/event_args/cycle_slip_param.record.yaml:8: occured ==> occurred
./src/components/rate_group/test/component-rate_group-implementation-tester.ads:21: excute ==> execute
./src/components/rate_group/test/tests-implementation.adb:177: occures ==> occurs
./src/components/rate_group/test/tests-implementation.ads:14: excersizes ==> exercises
./src/components/rate_group/test/tests.rate_group.tests.yaml:5: excersizes ==> exercises
./src/components/sequence_store/component-sequence_store-implementation.adb:20: assciated ==> associated
./src/components/sequence_store/component-sequence_store-implementation.adb:125: begining ==> beginning
./src/components/sequence_store/component-sequence_store-implementation.adb:137: begining ==> beginning
./src/components/sequence_store/component-sequence_store-implementation.adb:148: begining ==> beginning
./src/components/sequence_store/component-sequence_store-implementation.adb:161: begining ==> beginning
./src/components/sequence_store/component-sequence_store-implementation.adb:305: wich ==> which
./src/components/sequence_store/component-sequence_store-implementation.adb:397: recieve ==> receive
./src/components/sequence_store/component-sequence_store-implementation.adb:599: Deactive ==> Deactivate
./src/components/sequence_store/component-sequence_store-implementation.ads:101: recieve ==> receive
./src/components/sequence_store/component-sequence_store-implementation.ads:131: Deactive ==> Deactivate
./src/components/sequence_store/sequence_store.commands.yaml:8: Deactive ==> Deactivate
./src/components/sequence_store/sequence_store.component.yaml:26: recieve ==> receive
./src/components/sequence_store/test/sequence_store_tests-implementation.adb:739: nonexistant ==> nonexistent
./src/components/stack_monitor/component-stack_monitor-implementation.adb:189: recieve ==> receive
./src/components/stack_monitor/component-stack_monitor-implementation.ads:64: recieve ==> receive
./src/components/stack_monitor/stack_monitor.component.yaml:25: recieve ==> receive
./src/components/stack_monitor/test/stack_monitor.tests.yaml:5: excersizes ==> exercises
./src/components/stack_monitor/test/stack_monitor.tests.yaml:7: excersizes ==> exercises
./src/components/stack_monitor/test/stack_monitor_tests-implementation.adb:156: thatn ==> that, than
./src/components/stack_monitor/test/stack_monitor_tests-implementation.adb:157: thatn ==> that, than
./src/components/stack_monitor/test/stack_monitor_tests-implementation.adb:161: cacheing ==> caching
./src/components/stack_monitor/test/stack_monitor_tests-implementation.adb:177: thatn ==> that, than
./src/components/stack_monitor/test/stack_monitor_tests-implementation.adb:180: thatn ==> that, than
./src/components/stack_monitor/test/stack_monitor_tests-implementation.adb:184: cacheing ==> caching
./src/components/stack_monitor/test/stack_monitor_tests-implementation.adb:199: thatn ==> that, than
./src/components/stack_monitor/test/stack_monitor_tests-implementation.adb:202: thatn ==> that, than
./src/components/stack_monitor/test/stack_monitor_tests-implementation.adb:206: cacheing ==> caching
./src/components/stack_monitor/test/stack_monitor_tests-implementation.adb:220: cacheing ==> caching
./src/components/stack_monitor/test/stack_monitor_tests-implementation.adb:232: cacheing ==> caching
./src/components/stack_monitor/test/stack_monitor_tests-implementation.adb:250: cacheing ==> caching
./src/components/stack_monitor/test/stack_monitor_tests-implementation.ads:14: excersizes ==> exercises
./src/components/stack_monitor/test/stack_monitor_tests-implementation.ads:16: excersizes ==> exercises
./src/components/task_watchdog/task_watchdog.component.yaml:3: refered ==> referred
./src/components/task_watchdog/task_watchdog.events.yaml:4: recieved ==> received
./src/components/task_watchdog/task_watchdog.events.yaml:6: recieved ==> received
./src/components/task_watchdog/test/component-task_watchdog-implementation-tester.adb:157: recieved ==> received
./src/components/task_watchdog/test/component-task_watchdog-implementation-tester.adb:165: recieved ==> received
./src/components/task_watchdog/test/component-task_watchdog-implementation-tester.ads:26: refered ==> referred
./src/components/task_watchdog/test/component-task_watchdog-implementation-tester.ads:118: recieved ==> received
./src/components/task_watchdog/test/component-task_watchdog-implementation-tester.ads:120: recieved ==> received
./src/components/task_watchdog/test/task_watchdog_tests-implementation.adb:351: apropriate ==> appropriate
./src/components/task_watchdog/types/task_watchdog_types.ads:7: compatability ==> compatibility
./src/components/tick_divider/test/tests-implementation.adb:54: occured ==> occurred
./src/components/tick_divider/test/tests-implementation.ads:14: excersizes ==> exercises
./src/components/tick_divider/test/tests-implementation.ads:14: excersize ==> exercise
./src/components/tick_divider/test/tests.tick_divider.tests.yaml:5: exercizes ==> exercises
./src/components/tick_divider/test/tests.tick_divider.tests.yaml:5: exercize ==> exercise
./src/components/tick_listener/component-tick_listener-implementation.ads:10: invokation ==> invocation
./src/components/tick_listener/component-tick_listener-implementation.ads:10: substitude ==> substitute
./src/components/tick_listener/component-tick_listener-implementation.ads:19: occured ==> occurred
./src/components/tick_listener/test/component-tick_listener-implementation-tester.ads:8: invokation ==> invocation
./src/components/tick_listener/test/component-tick_listener-implementation-tester.ads:8: substitude ==> substitute
./src/components/time_at_tone_master/component-time_at_tone_master-implementation.adb:68: dependant ==> dependent
./src/components/time_at_tone_master/test/time_at_tone_master_tests-implementation.adb:132: reenable ==> re-enable
./src/components/time_at_tone_master/types/tat_time_message.record.yaml:2: transation ==> transaction, translation, transition
./src/components/time_at_tone_master/types/tat_time_message.record.yaml:8: transation ==> transaction, translation, transition
./src/components/time_at_tone_master/types/tat_tone_message.record.yaml:8: transation ==> transaction, translation, transition
./src/components/time_of_tone_master/test/time_of_tone_master_tests-implementation.adb:162: reenable ==> re-enable
./src/components/zero_divider/component-zero_divider-implementation.ads:8: inadvertant ==> inadvertent
./src/components/zero_divider/zero_divider.component.yaml:2: inadvertant ==> inadvertent
./src/components/zero_divider/test/component-zero_divider-implementation-tester.ads:17: inadvertant ==> inadvertent
./src/core/interrupt_handlers/interrupt_handlers.ads:57: occured ==> occurred
./src/core/serializer/serializer.ads:20: similiarly ==> similarly
./src/core/serializer/variable_serializer.ads:21: similiarly ==> similarly
./src/core/serializer/variable_stream_serializer.ads:14: usuall ==> usually, usual
./src/core/task/task_synchronization.adb:88: timout ==> timeout
./src/core/task/task_synchronization.ads:28: occured ==> occurred
./src/core/task/task_synchronization.ads:71: timout ==> timeout
./src/core/task/task_synchronization.ads:77: timout ==> timeout
./src/core/task/task_synchronization.ads:88: timout ==> timeout
./src/core/task/task_synchronization.ads:89: timout ==> timeout
./src/core/task/bareboard/secondary_stack_util.adb:1: dependant ==> dependent
./src/data_structures/binary_tree/binary_tree.ads:48: retreive ==> retrieve
./src/data_structures/binary_tree/test/binary_tree_tests-implementation.adb:112: existant ==> existent
./src/data_structures/circular_buffer/circular_buffer.adb:228: begginning ==> beginning
./src/data_structures/circular_buffer/circular_buffer.adb:239: occures ==> occurs
./src/data_structures/circular_buffer/circular_buffer.ads:19: inherting ==> inheriting
./src/data_structures/circular_buffer/circular_buffer.ads:71: interal ==> internal, interval, integral
./src/data_structures/circular_buffer/circular_buffer.ads:73: accomodated ==> accommodated
./src/data_structures/circular_buffer/test_circular/test.adb:401: overwites ==> overwrites
./src/data_structures/database/database.ads:8: minumum ==> minimum
./src/data_structures/database/variable_database.ads:14: minumum ==> minimum
./src/data_structures/database/variable_test/variable_database.tests.yaml:13: excersizes ==> exercises
./src/data_structures/database/variable_test/variable_database_tests-implementation.adb:227: overridding ==> overriding
./src/data_structures/database/variable_test/variable_database_tests-implementation.ads:25: excersizes ==> exercises
./src/data_structures/labeled_queue/labeled_queue.ads:7: arrayes ==> arrays
./src/data_structures/labeled_queue/labeled_queue.ads:108: occuring ==> occurring
./src/data_structures/labeled_queue/labeled_queue.ads:197: intenal ==> internal
./src/data_structures/labeled_queue/labeled_queue.ads:210: intenal ==> internal
./src/data_structures/labeled_queue/test/test.adb:148: wouldnt ==> wouldn't
./src/data_structures/priority_queue/priority_queue.adb:138: inconsistancies ==> inconsistencies
./src/data_structures/protected_circular_buffer/protected_circular_buffer.ads:6: arrayes ==> arrays
./src/data_structures/protected_priority_queue/protected_priority_queue.ads:88: occuring ==> occurring
./src/data_structures/protected_priority_queue/protected_priority_queue.ads:140: intenal ==> internal
./src/data_structures/protected_priority_queue/protected_priority_queue.ads:153: intenal ==> internal
./src/data_structures/protected_variables/protected_variables.ads:69: accomodate ==> accommodate
./src/data_structures/protected_variables/protected_variables.ads:69: automically ==> automatically
./src/data_structures/queue/queue.ads:47: occuring ==> occurring
./src/data_structures/variable_queue/variable_queue.ads:7: arrayes ==> arrays
./src/data_structures/variable_queue/variable_queue.ads:95: occuring ==> occurring
./src/data_structures/variable_queue/variable_queue.ads:182: intenal ==> internal
./src/data_structures/variable_queue/variable_queue.ads:195: intenal ==> internal
./src/data_structures/variable_queue/test/test.adb:135: wouldnt ==> wouldn't
./src/types/command/invalid_command_info.record.yaml:9: unkown ==> unknown
./src/types/memory/byte_array_pointer-packed.ads:10: similiar ==> similar
./src/types/memory/byte_array_pointer.ads:57: excpet ==> except
./src/types/parameter/invalid_parameter_info.record.yaml:9: unkown ==> unknown
./src/types/test/test.adb:41: covert ==> convert, cover, covet
./src/types/tick/tick_interrupt_handler.ads:6: hanlder ==> handler
./src/unit_test/deallocation/safe_deallocator.ads:26: Reenable ==> Re-enable
./src/unit_test/termination_handler/unit_test_termination_handler.ads:17: plaforms ==> platforms
./src/util/byte_array_util/byte_array_util.adb:170: Calulate ==> Calculate
./src/util/byte_array_util/byte_array_util.adb:170: trunction ==> truncation
./src/util/byte_array_util/byte_array_util.ads:54: trunction ==> truncation
./src/util/monitor/monitor.adb:12: persistance ==> persistence
./src/util/monitor/test/monitor_tests-implementation.adb:173: persistance ==> persistence
./src/util/moving_average/moving_average.adb:17: cant ==> can't
./src/util/moving_average/moving_average.adb:62: begining ==> beginning
./src/util/moving_average/moving_average.adb:127: statisitics ==> statistics
./src/util/moving_average/test/moving_average.tests.yaml:7: reseting ==> resetting
./src/util/moving_average/test/moving_average_tests-implementation.adb:206: initilization ==> initialization
./src/util/moving_average/test/moving_average_tests-implementation.ads:17: reseting ==> resetting
./src/util/socket/socket.adb:62: memebers ==> members
./src/util/socket/socket.adb:70: occured ==> occurred
