./redo/base_classes/build_target_base.py:22: similiar ==> similar
./redo/base_classes/build_target_base.py:22: preprended ==> prepended
./redo/base_classes/build_target_base.py:74: seperated ==> separated
./redo/base_classes/build_target_base.py:100: seperated ==> separated
./redo/base_classes/build_target_base.py:148: seperated ==> separated
./redo/base_classes/build_target_base.py:173: seperated ==> separated
./redo/base_classes/generator_base.py:44: overriden ==> overridden
./redo/base_classes/gprbuild_target_base.py:66: unforunate ==> unfortunate
./redo/base_classes/gprbuild_target_base.py:67: redifine ==> redefine
./redo/database/create.py:94: Similiar ==> Similar
./redo/database/create.py:284: buid ==> build
./redo/database/create.py:468: databse ==> database
./redo/database/c_source_database.py:23: uniqe ==> unique
./redo/database/database.py:22: Definitons ==> Definitions
./redo/database/model_database.py:11: nameing ==> naming
./redo/database/setup.py:64: instatiation ==> instantiation
./redo/database/_setup.py:17: funtion ==> function
./redo/database/_setup.py:31: precidence ==> precedence
./redo/database/_setup.py:181: Santize ==> Sanitize
./redo/database/_setup.py:246: retreive ==> retrieve
./redo/database/_setup.py:252: Ths ==> The, This
./redo/database/_setup.py:260: retreive ==> retrieve
./redo/database/_setup.py:267: retreive ==> retrieve
./redo/rules/build_executable.py:292: linke ==> linked, link, links, like, line
./redo/rules/build_object.py:104: vise ==> vice
./redo/rules/build_object.py:456: occured ==> occurred
./redo/rules/build_publish.py:15: permanantly ==> permanently
./redo/rules/build_style.py:13: equivelant ==> equivalent
./redo/rules/build_style.py:51: whith ==> with
./redo/rules/build_test.py:71: occured ==> occurred
./redo/rules/build_via_generator.py:15: retreives ==> retrieves
./redo/targets/linux.py:55: Converage ==> Coverage, Converge
./redo/targets/codepeer/AdamantMessagePatterns.xml:35: supressed ==> suppressed
./redo/targets/codepeer/MessagePatterns.xml:36: overriden ==> overridden
./redo/targets/gpr/a_adamant.gpr:60: indention ==> indentation
./redo/targets/gpr/a_adamant.gpr:112: consistancy ==> consistency
./redo/targets/gpr/a_adamant.gpr:112: consistancy ==> consistency
./redo/test/README.md:5: sytem ==> system
./redo/test/hello_world/build/alire/obj/release/b__main.adb:231: SEH ==> SHE
./redo/test/hello_world/build/alire/obj/release/b__main.ali:274: SEH ==> SHE
./redo/util/ada.py:189: layed ==> laid
./redo/util/ada.py:230: withing ==> within
./redo/util/binary_meta.py:195: objet ==> object
./redo/util/performance.py:36: enhacement ==> enhancement
./redo/util/pydep.py:43: nonexistant ==> nonexistent
./redo/util/pydep.py:72: dependecies ==> dependencies
./redo/util/pydep.py:80: dependecies ==> dependencies
./redo/util/pydep.py:97: dependecies ==> dependencies
./redo/util/pydep.py:159: depdendencies ==> dependencies
./redo/util/pydep.py:163: Nonexistant ==> Nonexistent
./redo/util/pydep.py:167: nonexistant ==> nonexistent
./redo/util/redo_arg.py:4: particularily ==> particularly
