./gen/generators/basic.py:51: defualt ==> default
./gen/generators/memory_map.py:86: occured ==> occurred
./gen/generators/packed_types.py:108: uniqe ==> unique
./gen/models/base.py:94: Cacheing ==> Caching
./gen/models/base.py:241: occured ==> occurred
./gen/models/component.py:324: uniqe ==> unique
./gen/models/exceptions.py:36: addes ==> adds, added, adders, address
./gen/models/exceptions.py:38: attribue ==> attribute
./gen/models/record.py:480: funcion ==> function
./gen/models/tests.py:84: occured ==> occurred
./gen/models/submodels/field.py:399: wont ==> won't
./gen/models/submodels/interrupts.py:96: descriminant ==> discriminant
./gen/models/submodels/tasks.py:198: initialzations ==> initializations
./gen/schemas/analyze.yaml:19: overriden ==> overridden
./gen/schemas/assembly.yaml:42: managable ==> manageable, manageably
./gen/schemas/assembly.yaml:109: descriminant ==> discriminant
./gen/schemas/faults.yaml:24: funciton ==> function
./gen/schemas/view.yaml:60: exucution ==> execution
./gen/templates/array/name.ads:353: signficant ==> significant
./gen/templates/array/name.m:110: funciton ==> function
./gen/templates/array/name.py:90: funciton ==> function
./gen/templates/assembly/name.ads:95: iself ==> itself
./gen/templates/assembly/name.dot:30: Coponents ==> Components
./gen/templates/assembly/name_data_dependencies.ads:19: resoved ==> resolved
./gen/templates/component/component-name-implementation.ads:183: retreives ==> retrieves
./gen/templates/component/component-name.ads:281: retreives ==> retrieves
./gen/templates/component/component-name.ads:334: indentifier ==> identifier
./gen/templates/component/component-name.ads:353: indentifier ==> identifier
./gen/templates/component/name_init.tex:119: indentifiers ==> identifiers
./gen/templates/record/name-validation.adb:74: individial ==> individual
./gen/templates/record/name-validation.adb:206: individial ==> individual
./gen/templates/record/name-validation.adb:338: individial ==> individual
./gen/templates/record/name.ads:475: signficant ==> significant
./gen/templates/tests/component-name_reciprocal.adb:486: overlayed ==> overlaid
./gen/templates/tests/component-name_reciprocal.ads:149: avaliable ==> available
./gen/templates/tests/name.adb:28: Initalize ==> Initialize
./gen/templates/tests/name.adb:28: avaliable ==> available
./gen/templates/tests/name.ads:43: varable ==> variable
./gen/templates/tex/inputs/code_style.tex:12: readibility ==> readability
./gen/test/arrays/test_py/test.py:4: depdencies ==> dependencies
./gen/test/enums/test_py/test.py:4: depdencies ==> dependencies
./gen/test/records/test_py/test.py:4: depdencies ==> dependencies
./gen/test/request_service/request_service.component.yaml:5: requestor ==> requester
